<?xml version="1.0" encoding="UTF-8"?>
<testsuite name="com.thoughtworks.collection.StreamMapTest" tests="3" skipped="0" failures="0" errors="0" timestamp="2022-08-31T06:30:27" hostname="MNLITA14-W10" time="0.022">
  <properties/>
  <testcase name="should_map_to_length()" classname="com.thoughtworks.collection.StreamMapTest" time="0.019"/>
  <testcase name="should_map_to_letter()" classname="com.thoughtworks.collection.StreamMapTest" time="0.001"/>
  <testcase name="should_map_to_triple()" classname="com.thoughtworks.collection.StreamMapTest" time="0.001"/>
  <system-out><![CDATA[]]></system-out>
  <system-err><![CDATA[]]></system-err>
</testsuite>
